Build started 2015-10-12 12:54:36.
     1>Project "C:\Users\BTH\Desktop\Group-project-level-editor\DirectXShared\DirectXShared\DirectXShared.vcxproj" on node 2 (Build target(s)).
     1>ClCompile:
         C:\Program Files (x86)\Microsoft Visual Studio 12.0\VC\bin\x86_amd64\CL.exe /c /Zi /nologo /W3 /WX- /sdl /Od /D _DEBUG /D _WINDOWS /D _UNICODE /D UNICODE /Gm /EHsc /RTC1 /MDd /GS /fp:precise /Zc:wchar_t /Zc:forScope /Fo"x64\Debug\\" /Fd"x64\Debug\vc120.pdb" /Gd /TP /errorReport:prompt D3D.cpp Main.cpp SharedMemory.cpp
         SharedMemory.cpp
     1>SharedMemory.cpp(37): warning C4267: 'argument' : conversion from 'size_t' to 'DWORD', possible loss of data
     1>SharedMemory.cpp(55): warning C4267: '=' : conversion from 'size_t' to 'unsigned int', possible loss of data
     1>SharedMemory.cpp(67): warning C4267: 'argument' : conversion from 'size_t' to 'DWORD', possible loss of data
         D3D.cpp
     1>D3D.cpp(119): warning C4244: 'argument' : conversion from 'double' to 'float', possible loss of data
     1>D3D.cpp(120): warning C4244: 'argument' : conversion from 'double' to 'float', possible loss of data
     1>D3D.cpp(121): warning C4244: 'argument' : conversion from 'double' to 'float', possible loss of data
     1>D3D.cpp(237): warning C4267: '=' : conversion from 'size_t' to 'UINT', possible loss of data
     1>D3D.cpp(261): warning C4267: '=' : conversion from 'size_t' to 'UINT', possible loss of data
         Generating Code...
         Compiling...
         Main.cpp
         Generating Code...
       Link:
         C:\Program Files (x86)\Microsoft Visual Studio 12.0\VC\bin\x86_amd64\link.exe /ERRORREPORT:PROMPT /OUT:"C:\Users\BTH\Desktop\Group-project-level-editor\DirectXShared\x64\Debug\DirectXShared.exe" /INCREMENTAL /NOLOGO kernel32.lib user32.lib gdi32.lib winspool.lib comdlg32.lib advapi32.lib shell32.lib ole32.lib oleaut32.lib uuid.lib odbc32.lib odbccp32.lib /MANIFEST /MANIFESTUAC:"level='asInvoker' uiAccess='false'" /manifest:embed /DEBUG /PDB:"C:\Users\BTH\Desktop\Group-project-level-editor\DirectXShared\x64\Debug\DirectXShared.pdb" /SUBSYSTEM:WINDOWS /TLBID:1 /DYNAMICBASE /NXCOMPAT /IMPLIB:"C:\Users\BTH\Desktop\Group-project-level-editor\DirectXShared\x64\Debug\DirectXShared.lib" /MACHINE:X64 x64\Debug\Camera.obj
         x64\Debug\D3D.obj
         x64\Debug\Lights.obj
         x64\Debug\Main.obj
         x64\Debug\Meshes.obj
         x64\Debug\pch.obj
         x64\Debug\SharedMemory.obj
         x64\Debug\WICTextureLoader.obj
         DirectXShared.vcxproj -> C:\Users\BTH\Desktop\Group-project-level-editor\DirectXShared\x64\Debug\DirectXShared.exe
     1>Done Building Project "C:\Users\BTH\Desktop\Group-project-level-editor\DirectXShared\DirectXShared\DirectXShared.vcxproj" (Build target(s)).

Build succeeded.

Time Elapsed 00:00:04.53
