Build started 2015-09-30 17:17:50.
     1>Project "D:\Från grafik till spel - konstruktion av nivåverktyg\DirectXShared\DirectXShared\DirectXShared.vcxproj" on node 2 (Build target(s)).
     1>FxCompile:
         C:\Program Files (x86)\Windows Kits\8.1\bin\x86\fxc.exe /nologo /E"main" /T ps_5_0 /Fo "D:\Från grafik till spel - konstruktion av nivåverktyg\DirectXShared\Debug\PixelShader.cso" /Od /Zi PixelShader.hlsl 
         compilation object save succeeded; see D:\Från grafik till spel - konstruktion av nivåverktyg\DirectXShared\Debug\PixelShader.cso
         C:\Program Files (x86)\Windows Kits\8.1\bin\x86\fxc.exe /nologo /E"main" /T vs_5_0 /Fo "D:\Från grafik till spel - konstruktion av nivåverktyg\DirectXShared\Debug\VertexShader.cso" /Od /Zi VertexShader.hlsl 
         compilation object save succeeded; see D:\Från grafik till spel - konstruktion av nivåverktyg\DirectXShared\Debug\VertexShader.cso
       ClCompile:
         C:\Program Files (x86)\Microsoft Visual Studio 14.0\VC\bin\CL.exe /c /ZI /nologo /W3 /WX- /sdl /Od /Oy- /D WIN32 /D _DEBUG /D _WINDOWS /D _UNICODE /D UNICODE /Gm /EHsc /RTC1 /MDd /GS /fp:precise /Zc:wchar_t /Zc:forScope /Zc:inline /Fo"Debug\\" /Fd"Debug\vc140.pdb" /Gd /TP /analyze- /errorReport:prompt Camera.cpp D3D.cpp Lights.cpp Main.cpp Meshes.cpp SharedMemory.cpp
         SharedMemory.cpp
         Meshes.cpp
         Main.cpp
         Lights.cpp
         D3D.cpp
         Camera.cpp
         Generating Code...
       Link:
         C:\Program Files (x86)\Microsoft Visual Studio 14.0\VC\bin\link.exe /ERRORREPORT:PROMPT /OUT:"D:\Från grafik till spel - konstruktion av nivåverktyg\DirectXShared\Debug\DirectXShared.exe" /INCREMENTAL /NOLOGO kernel32.lib user32.lib gdi32.lib winspool.lib comdlg32.lib advapi32.lib shell32.lib ole32.lib oleaut32.lib uuid.lib odbc32.lib odbccp32.lib /MANIFEST /MANIFESTUAC:"level='asInvoker' uiAccess='false'" /manifest:embed /Debug /PDB:"D:\Från grafik till spel - konstruktion av nivåverktyg\DirectXShared\Debug\DirectXShared.pdb" /SUBSYSTEM:WINDOWS /TLBID:1 /DYNAMICBASE /NXCOMPAT /IMPLIB:"D:\Från grafik till spel - konstruktion av nivåverktyg\DirectXShared\Debug\DirectXShared.lib" /MACHINE:X86 Debug\Camera.obj
         Debug\D3D.obj
         Debug\Lights.obj
         Debug\Main.obj
         Debug\Meshes.obj
         Debug\SharedMemory.obj
         DirectXShared.vcxproj -> D:\Från grafik till spel - konstruktion av nivåverktyg\DirectXShared\Debug\DirectXShared.exe
     1>Done Building Project "D:\Från grafik till spel - konstruktion av nivåverktyg\DirectXShared\DirectXShared\DirectXShared.vcxproj" (Build target(s)).

Build succeeded.

Time Elapsed 00:00:17.12
